2016-10-21 08:51:07,231 [Worker-16] INFO  o.e.m.c.i.l.LifecycleMappingFactory - Using org.maven.ide.eclipse.wtp.WarLifecycleMapping lifecycle mapping for MavenProject: com.spring.henallux:figurine:0.0.1-SNAPSHOT @ C:\Users\Damien\Documents\Web\figurine\pom.xml.
2016-10-21 08:52:07,490 [Worker-16] INFO  o.e.m.c.i.embedder.EclipseLogger - Using 'UTF-8' encoding to copy filtered resources.
2016-10-21 08:52:07,539 [Worker-16] INFO  o.e.m.c.i.embedder.EclipseLogger - Copying 1 resource
2016-10-21 08:52:07,593 [Worker-16] INFO  o.e.m.c.i.embedder.EclipseLogger - Copying 6 resources
2016-10-21 08:52:07,943 [Worker-16] INFO  o.e.m.c.i.embedder.EclipseLogger - Using 'UTF-8' encoding to copy filtered resources.
2016-10-21 08:52:07,944 [Worker-16] INFO  o.e.m.c.i.embedder.EclipseLogger - skip non existing resourceDirectory C:\Users\Damien\Documents\Web\figurine\src\test\resources
2016-10-21 08:52:14,448 [Worker-17] INFO  o.e.m.c.i.embedder.EclipseLogger - Using 'UTF-8' encoding to copy filtered resources.
2016-10-21 08:52:14,491 [Worker-17] INFO  o.e.m.c.i.embedder.EclipseLogger - Copying 1 resource
2016-10-21 08:52:14,515 [Worker-17] INFO  o.e.m.c.i.embedder.EclipseLogger - Copying 6 resources
2016-10-21 08:52:14,768 [Worker-17] INFO  o.e.m.c.i.embedder.EclipseLogger - Using 'UTF-8' encoding to copy filtered resources.
2016-10-21 08:52:14,768 [Worker-17] INFO  o.e.m.c.i.embedder.EclipseLogger - skip non existing resourceDirectory C:\Users\Damien\Documents\Web\figurine\src\test\resources
2016-10-21 08:52:20,743 [Worker-10] INFO  o.e.m.c.i.embedder.EclipseLogger - Using 'UTF-8' encoding to copy filtered resources.
2016-10-21 08:52:20,750 [Worker-10] INFO  o.e.m.c.i.embedder.EclipseLogger - Copying 1 resource
2016-10-21 08:52:20,764 [Worker-10] INFO  o.e.m.c.i.embedder.EclipseLogger - Copying 6 resources
2016-10-21 08:52:21,047 [Worker-10] INFO  o.e.m.c.i.embedder.EclipseLogger - Using 'UTF-8' encoding to copy filtered resources.
2016-10-21 08:52:21,048 [Worker-10] INFO  o.e.m.c.i.embedder.EclipseLogger - skip non existing resourceDirectory C:\Users\Damien\Documents\Web\figurine\src\test\resources
2016-10-21 08:52:22,726 [Worker-19] INFO  o.e.m.i.launch.MavenLaunchDelegate - C:\Users\Damien\Documents\Web\figurine
2016-10-21 08:52:22,729 [Worker-19] INFO  o.e.m.i.launch.MavenLaunchDelegate -  mvn -B clean install
2016-10-21 09:28:02,691 [Worker-47] INFO  o.e.m.c.i.embedder.EclipseLogger - Using 'UTF-8' encoding to copy filtered resources.
2016-10-21 09:28:02,698 [Worker-47] INFO  o.e.m.c.i.embedder.EclipseLogger - Copying 1 resource
2016-10-21 09:28:02,726 [Worker-47] INFO  o.e.m.c.i.embedder.EclipseLogger - Copying 6 resources
2016-10-21 09:28:02,750 [Worker-47] INFO  o.e.m.c.i.embedder.EclipseLogger - Using 'UTF-8' encoding to copy filtered resources.
2016-10-21 09:28:02,761 [Worker-47] INFO  o.e.m.c.i.embedder.EclipseLogger - skip non existing resourceDirectory C:\Users\Damien\Documents\Web\figurine\src\test\resources
2016-10-21 09:34:40,109 [Worker-28] INFO  o.e.m.c.i.embedder.EclipseLogger - Using 'UTF-8' encoding to copy filtered resources.
2016-10-21 09:34:40,124 [Worker-28] INFO  o.e.m.c.i.embedder.EclipseLogger - Copying 0 resource
2016-10-21 09:34:40,141 [Worker-28] INFO  o.e.m.c.i.embedder.EclipseLogger - Copying 0 resource
2016-10-21 09:34:40,163 [Worker-28] INFO  o.e.m.c.i.embedder.EclipseLogger - Using 'UTF-8' encoding to copy filtered resources.
2016-10-21 09:34:40,164 [Worker-28] INFO  o.e.m.c.i.embedder.EclipseLogger - skip non existing resourceDirectory C:\Users\Damien\Documents\Web\figurine\src\test\resources
2016-10-21 09:34:43,289 [Worker-15] INFO  o.e.m.i.launch.MavenLaunchDelegate - C:\Users\Damien\Documents\Web\figurine
2016-10-21 09:34:43,290 [Worker-15] INFO  o.e.m.i.launch.MavenLaunchDelegate -  mvn -B clean install
2016-10-21 10:00:56,510 [Worker-2] INFO  o.e.m.c.i.embedder.EclipseLogger - Using 'UTF-8' encoding to copy filtered resources.
2016-10-21 10:00:56,571 [Worker-2] INFO  o.e.m.c.i.embedder.EclipseLogger - Copying 1 resource
2016-10-21 10:00:56,630 [Worker-2] INFO  o.e.m.c.i.embedder.EclipseLogger - Copying 6 resources
2016-10-21 10:00:56,645 [Worker-2] INFO  o.e.m.c.i.embedder.EclipseLogger - Using 'UTF-8' encoding to copy filtered resources.
2016-10-21 10:00:56,646 [Worker-2] INFO  o.e.m.c.i.embedder.EclipseLogger - skip non existing resourceDirectory C:\Users\Damien\Documents\Web\figurine\src\test\resources
